<?xml version="1.0" encoding="UTF-8"?>
<testng-results ignored="0" total="1" passed="1" failed="0" skipped="0">
  <reporter-output>
  </reporter-output>
  <suite started-at="2023-01-03T13:30:26Z" name="Surefire suite" finished-at="2023-01-03T13:30:26Z" duration-ms="10">
    <groups>
    </groups>
    <test started-at="2023-01-03T13:30:26Z" name="Surefire test" finished-at="2023-01-03T13:30:26Z" duration-ms="10">
      <class name="com.examples.AppTest">
        <test-method signature="shouldAnswerWithTrue()" started-at="2023-01-03T16:30:26Z" name="shouldAnswerWithTrue" finished-at="2023-01-03T16:30:26Z" duration-ms="1" status="PASS">
          <reporter-output>
          </reporter-output>
        </test-method> <!-- shouldAnswerWithTrue -->
      </class> <!-- com.examples.AppTest -->
    </test> <!-- Surefire test -->
  </suite> <!-- Surefire suite -->
</testng-results>
