<?xml version="1.0" encoding="UTF-8"?>
<!-- Generated by org.testng.reporters.JUnitXMLReporter -->
<testsuite ignored="0" hostname="erkans-MacBook-Air.local" failures="0" tests="12" name="Surefire test" time="0.012" errors="0" timestamp="03 Jan 2023 13:30:26 GMT">
  <testcase classname="com.examples.StoneWallTest" name="verifySolution" time="0.001"/>
  <testcase classname="com.examples.StoneWallTest" name="verifySolution" time="0.001"/>
  <testcase classname="com.examples.StoneWallTest" name="verifySolution" time="0.0"/>
  <testcase classname="com.examples.StoneWallTest" name="verifySolution" time="0.0"/>
  <testcase classname="com.examples.StoneWallTest" name="verifySolution" time="0.0"/>
  <testcase classname="com.examples.StoneWallTest" name="verifySolution" time="0.0"/>
  <testcase classname="com.examples.StoneWallTest" name="verifySolution" time="0.0"/>
  <testcase classname="com.examples.StoneWallTest" name="verifySolution" time="0.0"/>
  <testcase classname="com.examples.StoneWallTest" name="verifySolution" time="0.0"/>
  <testcase classname="com.examples.StoneWallTest" name="verifySolution" time="0.0"/>
  <testcase classname="com.examples.StoneWallTest" name="verifySolution" time="0.0"/>
  <testcase classname="com.examples.StoneWallTest" name="verifySolution" time="0.0"/>
</testsuite> <!-- Surefire test -->
