<?xml version="1.0" encoding="UTF-8"?>
<testng-results ignored="0" total="12" passed="12" failed="0" skipped="0">
  <reporter-output>
  </reporter-output>
  <suite started-at="2023-01-03T13:30:26Z" name="Surefire suite" finished-at="2023-01-03T13:30:26Z" duration-ms="12">
    <groups>
    </groups>
    <test started-at="2023-01-03T13:30:26Z" name="Surefire test" finished-at="2023-01-03T13:30:26Z" duration-ms="12">
      <class name="com.examples.StoneWallTest">
        <test-method is-config="true" signature="setUp()[pri:0, instance:com.examples.StoneWallTest@4278a03f]" started-at="2023-01-03T16:30:26Z" name="setUp" finished-at="2023-01-03T16:30:26Z" duration-ms="3" status="PASS">
          <reporter-output>
          </reporter-output>
        </test-method> <!-- setUp -->
        <test-method signature="verifySolution([I, int)[pri:0, instance:com.examples.StoneWallTest@4278a03f]" started-at="2023-01-03T16:30:26Z" name="verifySolution" data-provider="test1" finished-at="2023-01-03T16:30:26Z" duration-ms="1" status="PASS">
          <params>
            <param index="0">
              <value>
                <![CDATA[[I@4f6ee6e4]]>
              </value>
            </param>
            <param index="1">
              <value>
                <![CDATA[7]]>
              </value>
            </param>
          </params>
          <reporter-output>
          </reporter-output>
        </test-method> <!-- verifySolution -->
        <test-method signature="verifySolution([I, int)[pri:0, instance:com.examples.StoneWallTest@4278a03f]" started-at="2023-01-03T16:30:26Z" name="verifySolution" data-provider="test1" finished-at="2023-01-03T16:30:26Z" duration-ms="1" status="PASS">
          <params>
            <param index="0">
              <value>
                <![CDATA[[I@4466af20]]>
              </value>
            </param>
            <param index="1">
              <value>
                <![CDATA[6]]>
              </value>
            </param>
          </params>
          <reporter-output>
          </reporter-output>
        </test-method> <!-- verifySolution -->
        <test-method signature="verifySolution([I, int)[pri:0, instance:com.examples.StoneWallTest@4278a03f]" started-at="2023-01-03T16:30:26Z" name="verifySolution" data-provider="test1" finished-at="2023-01-03T16:30:26Z" duration-ms="0" status="PASS">
          <params>
            <param index="0">
              <value>
                <![CDATA[[I@3e58a80e]]>
              </value>
            </param>
            <param index="1">
              <value>
                <![CDATA[1]]>
              </value>
            </param>
          </params>
          <reporter-output>
          </reporter-output>
        </test-method> <!-- verifySolution -->
        <test-method signature="verifySolution([I, int)[pri:0, instance:com.examples.StoneWallTest@4278a03f]" started-at="2023-01-03T16:30:26Z" name="verifySolution" data-provider="test1" finished-at="2023-01-03T16:30:26Z" duration-ms="0" status="PASS">
          <params>
            <param index="0">
              <value>
                <![CDATA[[I@7b9a4292]]>
              </value>
            </param>
            <param index="1">
              <value>
                <![CDATA[2]]>
              </value>
            </param>
          </params>
          <reporter-output>
          </reporter-output>
        </test-method> <!-- verifySolution -->
        <test-method signature="verifySolution([I, int)[pri:0, instance:com.examples.StoneWallTest@4278a03f]" started-at="2023-01-03T16:30:26Z" name="verifySolution" data-provider="test1" finished-at="2023-01-03T16:30:26Z" duration-ms="0" status="PASS">
          <params>
            <param index="0">
              <value>
                <![CDATA[[I@6379eb]]>
              </value>
            </param>
            <param index="1">
              <value>
                <![CDATA[3]]>
              </value>
            </param>
          </params>
          <reporter-output>
          </reporter-output>
        </test-method> <!-- verifySolution -->
        <test-method signature="verifySolution([I, int)[pri:0, instance:com.examples.StoneWallTest@4278a03f]" started-at="2023-01-03T16:30:26Z" name="verifySolution" data-provider="test1" finished-at="2023-01-03T16:30:26Z" duration-ms="0" status="PASS">
          <params>
            <param index="0">
              <value>
                <![CDATA[[I@4fb61f4a]]>
              </value>
            </param>
            <param index="1">
              <value>
                <![CDATA[1]]>
              </value>
            </param>
          </params>
          <reporter-output>
          </reporter-output>
        </test-method> <!-- verifySolution -->
        <test-method signature="verifySolution([I, int)[pri:0, instance:com.examples.StoneWallTest@4278a03f]" started-at="2023-01-03T16:30:26Z" name="verifySolution" data-provider="test1" finished-at="2023-01-03T16:30:26Z" duration-ms="0" status="PASS">
          <params>
            <param index="0">
              <value>
                <![CDATA[[I@4a94ee4]]>
              </value>
            </param>
            <param index="1">
              <value>
                <![CDATA[2]]>
              </value>
            </param>
          </params>
          <reporter-output>
          </reporter-output>
        </test-method> <!-- verifySolution -->
        <test-method signature="verifySolution([I, int)[pri:0, instance:com.examples.StoneWallTest@4278a03f]" started-at="2023-01-03T16:30:26Z" name="verifySolution" data-provider="test1" finished-at="2023-01-03T16:30:26Z" duration-ms="0" status="PASS">
          <params>
            <param index="0">
              <value>
                <![CDATA[[I@4fb0f2b9]]>
              </value>
            </param>
            <param index="1">
              <value>
                <![CDATA[1]]>
              </value>
            </param>
          </params>
          <reporter-output>
          </reporter-output>
        </test-method> <!-- verifySolution -->
        <test-method signature="verifySolution([I, int)[pri:0, instance:com.examples.StoneWallTest@4278a03f]" started-at="2023-01-03T16:30:26Z" name="verifySolution" data-provider="test1" finished-at="2023-01-03T16:30:26Z" duration-ms="0" status="PASS">
          <params>
            <param index="0">
              <value>
                <![CDATA[[I@4cc451f2]]>
              </value>
            </param>
            <param index="1">
              <value>
                <![CDATA[3]]>
              </value>
            </param>
          </params>
          <reporter-output>
          </reporter-output>
        </test-method> <!-- verifySolution -->
        <test-method signature="verifySolution([I, int)[pri:0, instance:com.examples.StoneWallTest@4278a03f]" started-at="2023-01-03T16:30:26Z" name="verifySolution" data-provider="test1" finished-at="2023-01-03T16:30:26Z" duration-ms="0" status="PASS">
          <params>
            <param index="0">
              <value>
                <![CDATA[[I@79924b]]>
              </value>
            </param>
            <param index="1">
              <value>
                <![CDATA[1]]>
              </value>
            </param>
          </params>
          <reporter-output>
          </reporter-output>
        </test-method> <!-- verifySolution -->
        <test-method signature="verifySolution([I, int)[pri:0, instance:com.examples.StoneWallTest@4278a03f]" started-at="2023-01-03T16:30:26Z" name="verifySolution" data-provider="test1" finished-at="2023-01-03T16:30:26Z" duration-ms="0" status="PASS">
          <params>
            <param index="0">
              <value>
                <![CDATA[[I@a514af7]]>
              </value>
            </param>
            <param index="1">
              <value>
                <![CDATA[4]]>
              </value>
            </param>
          </params>
          <reporter-output>
          </reporter-output>
        </test-method> <!-- verifySolution -->
        <test-method signature="verifySolution([I, int)[pri:0, instance:com.examples.StoneWallTest@4278a03f]" started-at="2023-01-03T16:30:26Z" name="verifySolution" data-provider="test1" finished-at="2023-01-03T16:30:26Z" duration-ms="0" status="PASS">
          <params>
            <param index="0">
              <value>
                <![CDATA[[I@6b927fb]]>
              </value>
            </param>
            <param index="1">
              <value>
                <![CDATA[2]]>
              </value>
            </param>
          </params>
          <reporter-output>
          </reporter-output>
        </test-method> <!-- verifySolution -->
      </class> <!-- com.examples.StoneWallTest -->
    </test> <!-- Surefire test -->
  </suite> <!-- Surefire suite -->
</testng-results>
